  hello_gl.cpp
hello_gl.obj : error LNK2019: __imp__glutInitWindowSize@8 외부 기호(참조 위치: _main 함수)에서 확인하지 못했습니다.
hello_gl.obj : error LNK2019: __imp__glutInitDisplayMode@4 외부 기호(참조 위치: _main 함수)에서 확인하지 못했습니다.
hello_gl.obj : error LNK2019: __imp__glutMainLoop@0 외부 기호(참조 위치: _main 함수)에서 확인하지 못했습니다.
hello_gl.obj : error LNK2019: __imp__glutPostRedisplay@0 외부 기호(참조 위치: "void __cdecl Timer(int)" (?Timer@@YAXH@Z) 함수)에서 확인하지 못했습니다.
hello_gl.obj : error LNK2019: __imp__glutAddMenuEntry@8 외부 기호(참조 위치: _main 함수)에서 확인하지 못했습니다.
hello_gl.obj : error LNK2019: __imp__glutAddSubMenu@8 외부 기호(참조 위치: _main 함수)에서 확인하지 못했습니다.
hello_gl.obj : error LNK2019: __imp__glutAttachMenu@4 외부 기호(참조 위치: _main 함수)에서 확인하지 못했습니다.
hello_gl.obj : error LNK2019: __imp__glutTimerFunc@12 외부 기호(참조 위치: "void __cdecl Timer(int)" (?Timer@@YAXH@Z) 함수)에서 확인하지 못했습니다.
hello_gl.obj : error LNK2019: __imp__glutKeyboardFunc@4 외부 기호(참조 위치: _main 함수)에서 확인하지 못했습니다.
hello_gl.obj : error LNK2019: __imp__glutReshapeFunc@4 외부 기호(참조 위치: _main 함수)에서 확인하지 못했습니다.
hello_gl.obj : error LNK2019: __imp__glutDisplayFunc@4 외부 기호(참조 위치: _main 함수)에서 확인하지 못했습니다.
hello_gl.obj : error LNK2019: __imp__glutMouseFunc@4 외부 기호(참조 위치: _main 함수)에서 확인하지 못했습니다.
hello_gl.obj : error LNK2019: __imp__glutMotionFunc@4 외부 기호(참조 위치: _main 함수)에서 확인하지 못했습니다.
hello_gl.obj : error LNK2019: __imp__glutPassiveMotionFunc@4 외부 기호(참조 위치: _main 함수)에서 확인하지 못했습니다.
hello_gl.obj : error LNK2019: __imp____glutInitWithExit@12 외부 기호(참조 위치: _glutInit_ATEXIT_HACK@8 함수)에서 확인하지 못했습니다.
hello_gl.obj : error LNK2019: __imp____glutCreateWindowWithExit@8 외부 기호(참조 위치: _glutCreateWindow_ATEXIT_HACK@4 함수)에서 확인하지 못했습니다.
hello_gl.obj : error LNK2019: __imp____glutCreateMenuWithExit@8 외부 기호(참조 위치: _glutCreateMenu_ATEXIT_HACK@4 함수)에서 확인하지 못했습니다.
hello_gl.obj : error LNK2019: __imp__glutCloseFunc@4 외부 기호(참조 위치: _main 함수)에서 확인하지 못했습니다.
.\usr\lib\freeglut.lib : warning LNK4272: 'x64' 라이브러리 컴퓨터 종류가 'x86' 대상 컴퓨터 종류와 충돌합니다.
C:\Users\ureal\Desktop\Debug\assignment2.exe : fatal error LNK1120: 18개의 확인할 수 없는 외부 참조입니다.
